**** Incremental Build [Wed, 14 Aug 2019 14:42:38] ****
 Project: Test_AE
 Configuration: hifi3_bd5
 Build Target: Release
********************************

"C:\\usr\\xtensa\\XtDevTools\\install\\tools\\RI-2019.1-win32\\XtensaTools\\bin\\xt-xcc" -c -g -O2 -fmessage-length=0 -I "\"C:/usr/xtensa/Xplorer-8.0.10-workspaces/workspace/Task7_AE\"" -I "\"C:/usr/xtensa/Xplorer-8.0.10-workspaces/workspace/Test_AE\"" -DPROC_hifi3_bd5 -DCONFIG_hifi3_bd5 --xtensa-system=C:/usr/xtensa/XtDevTools/install/builds/RI-2019.1-win32/hifi3_bd5/config --xtensa-core=hifi3_bd5 --xtensa-params= "\"C:/usr/xtensa/Xplorer-8.0.10-workspaces/workspace/Test_AE/main.c\"" -o "\"C:/usr/xtensa/Xplorer-8.0.10-workspaces/workspace/Test_AE/bin/hifi3_bd5/Release/main.o\"" 
Time taken: 2081 ms 

"C:\\usr\\xtensa\\XtDevTools\\install\\tools\\RI-2019.1-win32\\XtensaTools\\bin\\xt-xc++" -Wl,@C:/usr/xtensa/Xplorer-8.0.10-workspaces/workspace/Test_AE/bin/hifi3_bd5/Release/objfiles.list -o C:/usr/xtensa/Xplorer-8.0.10-workspaces/workspace/Test_AE/bin/hifi3_bd5/Release/Test_AE.minsize -mlsp=sim -Wl,-r -nostdlib --xtensa-system=C:/usr/xtensa/XtDevTools/install/builds/RI-2019.1-win32/hifi3_bd5/config --xtensa-core=hifi3_bd5 --xtensa-params= 
Time taken: 247 ms 

"C:\\usr\\xtensa\\XtDevTools\\install\\tools\\RI-2019.1-win32\\XtensaTools\\bin\\xt-xc++" -Wl,@C:/usr/xtensa/Xplorer-8.0.10-workspaces/workspace/Test_AE/bin/hifi3_bd5/Release/objfiles.list -o C:/usr/xtensa/Xplorer-8.0.10-workspaces/workspace/Test_AE/bin/hifi3_bd5/Release/Test_AE -mlsp=sim --xtensa-system=C:/usr/xtensa/XtDevTools/install/builds/RI-2019.1-win32/hifi3_bd5/config --xtensa-core=hifi3_bd5 --xtensa-params= 
Time taken: 650 ms 

******* Code size summary *****

"C:\\usr\\xtensa\\XtDevTools\\install\\tools\\RI-2019.1-win32\\XtensaTools\\bin\\xt-size" -C C:/usr/xtensa/Xplorer-8.0.10-workspaces/workspace/Test_AE/bin/hifi3_bd5/Release/Test_AE 
TYPE   	   text	 rodata	   data	    bss	    dec    hex	filename
code   	  37486	      0	      0	      0	  37486	   926e	C:/usr/xtensa/Xplorer-8.0.10-workspaces/workspace/Test_AE/bin/hifi3_bd5/Release/Test_AE
literal	    912	      0	      0	      0	    912	    390	C:/usr/xtensa/Xplorer-8.0.10-workspaces/workspace/Test_AE/bin/hifi3_bd5/Release/Test_AE
other  	   1106	   4064	    904	   1136	   7210	   1c2a	C:/usr/xtensa/Xplorer-8.0.10-workspaces/workspace/Test_AE/bin/hifi3_bd5/Release/Test_AE
Total  	  39504	   4064	    904	   1136	  45608	   b228	C:/usr/xtensa/Xplorer-8.0.10-workspaces/workspace/Test_AE/bin/hifi3_bd5/Release/Test_AE

Time taken: 144 ms 

******* ************** *****

Build successful !!
Total time taken: 3.777 secs
**** Build Finished [Wed, 14 Aug 2019 14:42:42] ****
