**** Incremental Build [Mon, 9 Sep 2019 20:06:37] ****
 Project: Test_AE
 Configuration: hifi3_bd5
 Build Target: Release
********************************

"C:\\usr\\xtensa\\XtDevTools\\install\\tools\\RI-2019.1-win32\\XtensaTools\\bin\\xt-xcc" -c -g -O3 -fmessage-length=0 -I "\"C:/usr/xtensa/Xplorer-8.0.10-workspaces/workspace/Task7_AE\"" -I "\"C:/usr/xtensa/Xplorer-8.0.10-workspaces/workspace/Equalizer\"" -I "\"C:/usr/xtensa/Xplorer-8.0.10-workspaces/workspace/Test_AE\"" -DPROC_hifi3_bd5 -DCONFIG_hifi3_bd5 --xtensa-system=C:/usr/xtensa/XtDevTools/install/builds/RI-2019.1-win32/hifi3_bd5/config --xtensa-core=hifi3_bd5 --xtensa-params= "\"C:/usr/xtensa/Xplorer-8.0.10-workspaces/workspace/Test_AE/main.c\"" -o "\"C:/usr/xtensa/Xplorer-8.0.10-workspaces/workspace/Test_AE/bin/hifi3_bd5/Release/main.o\"" 
Time taken: 1854 ms 

"C:\\usr\\xtensa\\XtDevTools\\install\\tools\\RI-2019.1-win32\\XtensaTools\\bin\\xt-xc++" -Wl,@C:/usr/xtensa/Xplorer-8.0.10-workspaces/workspace/Test_AE/bin/hifi3_bd5/Release/objfiles.list -o C:/usr/xtensa/Xplorer-8.0.10-workspaces/workspace/Test_AE/bin/hifi3_bd5/Release/Test_AE.minsize -mlsp=sim -Wl,-r -nostdlib --xtensa-system=C:/usr/xtensa/XtDevTools/install/builds/RI-2019.1-win32/hifi3_bd5/config --xtensa-core=hifi3_bd5 --xtensa-params= 
Time taken: 393 ms 

"C:\\usr\\xtensa\\XtDevTools\\install\\tools\\RI-2019.1-win32\\XtensaTools\\bin\\xt-xc++" -Wl,@C:/usr/xtensa/Xplorer-8.0.10-workspaces/workspace/Test_AE/bin/hifi3_bd5/Release/objfiles.list -o C:/usr/xtensa/Xplorer-8.0.10-workspaces/workspace/Test_AE/bin/hifi3_bd5/Release/Test_AE -mlsp=sim --xtensa-system=C:/usr/xtensa/XtDevTools/install/builds/RI-2019.1-win32/hifi3_bd5/config --xtensa-core=hifi3_bd5 --xtensa-params= 
Time taken: 653 ms 

******* Code size summary *****

"C:\\usr\\xtensa\\XtDevTools\\install\\tools\\RI-2019.1-win32\\XtensaTools\\bin\\xt-size" -C C:/usr/xtensa/Xplorer-8.0.10-workspaces/workspace/Test_AE/bin/hifi3_bd5/Release/Test_AE 
TYPE   	   text	 rodata	   data	    bss	    dec    hex	filename
code   	  46426	      0	      0	      0	  46426	   b55a	C:/usr/xtensa/Xplorer-8.0.10-workspaces/workspace/Test_AE/bin/hifi3_bd5/Release/Test_AE
literal	   1084	      0	      0	      0	   1084	    43c	C:/usr/xtensa/Xplorer-8.0.10-workspaces/workspace/Test_AE/bin/hifi3_bd5/Release/Test_AE
other  	   1278	   4816	    904	   1136	   8134	   1fc6	C:/usr/xtensa/Xplorer-8.0.10-workspaces/workspace/Test_AE/bin/hifi3_bd5/Release/Test_AE
Total  	  48788	   4816	    904	   1136	  55644	   d95c	C:/usr/xtensa/Xplorer-8.0.10-workspaces/workspace/Test_AE/bin/hifi3_bd5/Release/Test_AE

Time taken: 241 ms 

******* ************** *****

Build successful !!
Total time taken: 3.356 secs
**** Build Finished [Mon, 9 Sep 2019 20:06:40] ****
