**** Incremental Build [Wed, 14 Aug 2019 14:23:39] ****
 Project: Test_AE
 Configuration: hifi3_bd5
 Build Target: Debug
********************************

"C:\\usr\\xtensa\\XtDevTools\\install\\tools\\RI-2019.1-win32\\XtensaTools\\bin\\xt-xcc" -c -g -O0 -fmessage-length=0 -I "\"C:/usr/xtensa/Xplorer-8.0.10-workspaces/workspace/Task7_AE\"" -I "\"C:/usr/xtensa/Xplorer-8.0.10-workspaces/workspace/Test_AE\"" -DPROC_hifi3_bd5 -DCONFIG_hifi3_bd5 --xtensa-system=C:/usr/xtensa/XtDevTools/install/builds/RI-2019.1-win32/hifi3_bd5/config --xtensa-core=hifi3_bd5 --xtensa-params= "\"C:/usr/xtensa/Xplorer-8.0.10-workspaces/workspace/Test_AE/main.c\"" -o "\"C:/usr/xtensa/Xplorer-8.0.10-workspaces/workspace/Test_AE/bin/hifi3_bd5/Debug/main.o\"" 
Time taken: 1518 ms 

"C:\\usr\\xtensa\\XtDevTools\\install\\tools\\RI-2019.1-win32\\XtensaTools\\bin\\xt-xc++" -Wl,@C:/usr/xtensa/Xplorer-8.0.10-workspaces/workspace/Test_AE/bin/hifi3_bd5/Debug/objfiles.list -o C:/usr/xtensa/Xplorer-8.0.10-workspaces/workspace/Test_AE/bin/hifi3_bd5/Debug/Test_AE.minsize -mlsp=sim -Wl,-r -nostdlib --xtensa-system=C:/usr/xtensa/XtDevTools/install/builds/RI-2019.1-win32/hifi3_bd5/config --xtensa-core=hifi3_bd5 --xtensa-params= 
Time taken: 190 ms 

"C:\\usr\\xtensa\\XtDevTools\\install\\tools\\RI-2019.1-win32\\XtensaTools\\bin\\xt-xc++" -Wl,@C:/usr/xtensa/Xplorer-8.0.10-workspaces/workspace/Test_AE/bin/hifi3_bd5/Debug/objfiles.list -o C:/usr/xtensa/Xplorer-8.0.10-workspaces/workspace/Test_AE/bin/hifi3_bd5/Debug/Test_AE -mlsp=sim --xtensa-system=C:/usr/xtensa/XtDevTools/install/builds/RI-2019.1-win32/hifi3_bd5/config --xtensa-core=hifi3_bd5 --xtensa-params= 
Time taken: 443 ms 

******* Code size summary *****

"C:\\usr\\xtensa\\XtDevTools\\install\\tools\\RI-2019.1-win32\\XtensaTools\\bin\\xt-size" -C C:/usr/xtensa/Xplorer-8.0.10-workspaces/workspace/Test_AE/bin/hifi3_bd5/Debug/Test_AE 
TYPE   	   text	 rodata	   data	    bss	    dec    hex	filename
code   	  61690	      0	      0	      0	  61690	   f0fa	C:/usr/xtensa/Xplorer-8.0.10-workspaces/workspace/Test_AE/bin/hifi3_bd5/Debug/Test_AE
literal	    952	      0	      0	      0	    952	    3b8	C:/usr/xtensa/Xplorer-8.0.10-workspaces/workspace/Test_AE/bin/hifi3_bd5/Debug/Test_AE
other  	   1070	   4116	    904	   1136	   7226	   1c3a	C:/usr/xtensa/Xplorer-8.0.10-workspaces/workspace/Test_AE/bin/hifi3_bd5/Debug/Test_AE
Total  	  63712	   4116	    904	   1136	  69868	  110ec	C:/usr/xtensa/Xplorer-8.0.10-workspaces/workspace/Test_AE/bin/hifi3_bd5/Debug/Test_AE

Time taken: 217 ms 

******* ************** *****

Build successful !!
Total time taken: 2.661 secs
**** Build Finished [Wed, 14 Aug 2019 14:23:41] ****
