**** Incremental Build [Wed, 28 Aug 2019 10:43:33] ****
 Project: Test_AE
 Configuration: hifi3_bd5
 Build Target: Debug
********************************

"C:\\usr\\xtensa\\XtDevTools\\install\\tools\\RI-2019.1-win32\\XtensaTools\\bin\\xt-xcc" -c -g -O0 -fmessage-length=0 -I "\"C:/usr/xtensa/Xplorer-8.0.10-workspaces/workspace/Task7_AE\"" -I "\"C:/usr/xtensa/Xplorer-8.0.10-workspaces/workspace/Equalizer\"" -I "\"C:/usr/xtensa/Xplorer-8.0.10-workspaces/workspace/Test_AE\"" -DPROC_hifi3_bd5 -DCONFIG_hifi3_bd5 --xtensa-system=C:/usr/xtensa/XtDevTools/install/builds/RI-2019.1-win32/hifi3_bd5/config --xtensa-core=hifi3_bd5 --xtensa-params= "\"C:/usr/xtensa/Xplorer-8.0.10-workspaces/workspace/Test_AE/main.c\"" -o "\"C:/usr/xtensa/Xplorer-8.0.10-workspaces/workspace/Test_AE/bin/hifi3_bd5/Debug/main.o\"" 
Time taken: 1763 ms 

"C:\\usr\\xtensa\\XtDevTools\\install\\tools\\RI-2019.1-win32\\XtensaTools\\bin\\xt-xc++" -Wl,@C:/usr/xtensa/Xplorer-8.0.10-workspaces/workspace/Test_AE/bin/hifi3_bd5/Debug/objfiles.list -o C:/usr/xtensa/Xplorer-8.0.10-workspaces/workspace/Test_AE/bin/hifi3_bd5/Debug/Test_AE.minsize -mlsp=sim -Wl,-r -nostdlib --xtensa-system=C:/usr/xtensa/XtDevTools/install/builds/RI-2019.1-win32/hifi3_bd5/config --xtensa-core=hifi3_bd5 --xtensa-params= 
Time taken: 275 ms 

"C:\\usr\\xtensa\\XtDevTools\\install\\tools\\RI-2019.1-win32\\XtensaTools\\bin\\xt-xc++" -Wl,@C:/usr/xtensa/Xplorer-8.0.10-workspaces/workspace/Test_AE/bin/hifi3_bd5/Debug/objfiles.list -o C:/usr/xtensa/Xplorer-8.0.10-workspaces/workspace/Test_AE/bin/hifi3_bd5/Debug/Test_AE -mlsp=sim --xtensa-system=C:/usr/xtensa/XtDevTools/install/builds/RI-2019.1-win32/hifi3_bd5/config --xtensa-core=hifi3_bd5 --xtensa-params= 
Time taken: 531 ms 

******* Code size summary *****

"C:\\usr\\xtensa\\XtDevTools\\install\\tools\\RI-2019.1-win32\\XtensaTools\\bin\\xt-size" -C C:/usr/xtensa/Xplorer-8.0.10-workspaces/workspace/Test_AE/bin/hifi3_bd5/Debug/Test_AE 
TYPE   	   text	 rodata	   data	    bss	    dec    hex	filename
code   	  76672	      0	      0	      0	  76672	  12b80	C:/usr/xtensa/Xplorer-8.0.10-workspaces/workspace/Test_AE/bin/hifi3_bd5/Debug/Test_AE
literal	   1140	      0	      0	      0	   1140	    474	C:/usr/xtensa/Xplorer-8.0.10-workspaces/workspace/Test_AE/bin/hifi3_bd5/Debug/Test_AE
other  	   1184	   4852	    904	   1136	   8076	   1f8c	C:/usr/xtensa/Xplorer-8.0.10-workspaces/workspace/Test_AE/bin/hifi3_bd5/Debug/Test_AE
Total  	  78996	   4852	    904	   1136	  85888	  14f80	C:/usr/xtensa/Xplorer-8.0.10-workspaces/workspace/Test_AE/bin/hifi3_bd5/Debug/Test_AE

Time taken: 174 ms 

******* ************** *****

Build successful !!
Total time taken: 3.186 secs
**** Build Finished [Wed, 28 Aug 2019 10:43:36] ****
